# JRE version: OpenJDK Runtime Environment (11.0.10) (build 11.0.10+0-b96-7249189)
# Java VM: OpenJDK 64-Bit Server VM (11.0.10+0-b96-7249189, mixed mode, tiered, compressed oops, g1 gc, windows-amd64)
Heap:
 garbage-first heap   total 1006592K, used 262065K [0x0000000080000000, 0x0000000100000000)
  region size 1024K, 7 young (7168K), 7 survivors (7168K)
 Metaspace       used 102145K, capacity 104556K, committed 104832K, reserved 1140736K
  class space    used 13189K, capacity 14088K, committed 14208K, reserved 1048576K
GC Heap History (20 events):
Event: 27.083 GC heap after
{Heap after GC invocations=59 (full 0):
 garbage-first heap   total 178176K, used 155333K [0x0000000080000000, 0x0000000100000000)
  region size 1024K, 1 young (1024K), 1 survivors (1024K)
 Metaspace       used 97324K, capacity 99449K, committed 99712K, reserved 1136640K
  class space    used 12344K, capacity 13122K, committed 13184K, reserved 1048576K
}
Event: 27.234 GC heap before
{Heap before GC invocations=59 (full 0):
 garbage-first heap   total 178176K, used 164549K [0x0000000080000000, 0x0000000100000000)
  region size 1024K, 8 young (8192K), 1 survivors (1024K)
 Metaspace       used 97324K, capacity 99449K, committed 99712K, reserved 1136640K
  class space    used 12344K, capacity 13122K, committed 13184K, reserved 1048576K
}
Event: 27.244 GC heap after
{Heap after GC invocations=60 (full 0):
 garbage-first heap   total 178176K, used 160456K [0x0000000080000000, 0x0000000100000000)
  region size 1024K, 1 young (1024K), 1 survivors (1024K)
 Metaspace       used 97324K, capacity 99449K, committed 99712K, reserved 1136640K
  class space    used 12344K, capacity 13122K, committed 13184K, reserved 1048576K
}
Event: 27.328 GC heap before
{Heap before GC invocations=60 (full 0):
 garbage-first heap   total 178176K, used 167624K [0x0000000080000000, 0x0000000100000000)
  region size 1024K, 8 young (8192K), 1 survivors (1024K)
 Metaspace       used 97324K, capacity 99449K, committed 99712K, reserved 1136640K
  class space    used 12344K, capacity 13122K, committed 13184K, reserved 1048576K
}
Event: 27.337 GC heap after
{Heap after GC invocations=61 (full 0):
 garbage-first heap   total 214016K, used 163478K [0x0000000080000000, 0x0000000100000000)
  region size 1024K, 1 young (1024K), 1 survivors (1024K)
 Metaspace       used 97324K, capacity 99449K, committed 99712K, reserved 1136640K
  class space    used 12344K, capacity 13122K, committed 13184K, reserved 1048576K
}
Event: 27.362 GC heap before
{Heap before GC invocations=61 (full 0):
 garbage-first heap   total 214016K, used 173718K [0x0000000080000000, 0x0000000100000000)
  region size 1024K, 12 young (12288K), 1 survivors (1024K)
 Metaspace       used 97324K, capacity 99449K, committed 99712K, reserved 1136640K
  class space    used 12344K, capacity 13122K, committed 13184K, reserved 1048576K
}
Event: 27.373 GC heap after
{Heap after GC invocations=62 (full 0):
 garbage-first heap   total 214016K, used 168207K [0x0000000080000000, 0x0000000100000000)
  region size 1024K, 2 young (2048K), 2 survivors (2048K)
 Metaspace       used 97324K, capacity 99449K, committed 99712K, reserved 1136640K
  class space    used 12344K, capacity 13122K, committed 13184K, reserved 1048576K
}
Event: 27.419 GC heap before
{Heap before GC invocations=63 (full 0):
 garbage-first heap   total 214016K, used 178447K [0x0000000080000000, 0x0000000100000000)
  region size 1024K, 12 young (12288K), 2 survivors (2048K)
 Metaspace       used 97941K, capacity 100098K, committed 100352K, reserved 1136640K
  class space    used 12470K, capacity 13278K, committed 13312K, reserved 1048576K
}
Event: 27.431 GC heap after
{Heap after GC invocations=64 (full 0):
 garbage-first heap   total 214016K, used 172218K [0x0000000080000000, 0x0000000100000000)
  region size 1024K, 2 young (2048K), 2 survivors (2048K)
 Metaspace       used 97941K, capacity 100098K, committed 100352K, reserved 1136640K
  class space    used 12470K, capacity 13278K, committed 13312K, reserved 1048576K
}
Event: 27.614 GC heap before
{Heap before GC invocations=64 (full 0):
 garbage-first heap   total 214016K, used 179386K [0x0000000080000000, 0x0000000100000000)
  region size 1024K, 10 young (10240K), 2 survivors (2048K)
 Metaspace       used 99444K, capacity 101705K, committed 101760K, reserved 1136640K
  class space    used 12826K, capacity 13689K, committed 13696K, reserved 1048576K
}
Event: 27.626 GC heap after
{Heap after GC invocations=65 (full 0):
 garbage-first heap   total 214016K, used 175011K [0x0000000080000000, 0x0000000100000000)
  region size 1024K, 2 young (2048K), 2 survivors (2048K)
 Metaspace       used 99444K, capacity 101705K, committed 101760K, reserved 1136640K
  class space    used 12826K, capacity 13689K, committed 13696K, reserved 1048576K
}
Event: 27.708 GC heap before
{Heap before GC invocations=65 (full 0):
 garbage-first heap   total 214016K, used 183203K [0x0000000080000000, 0x0000000100000000)
  region size 1024K, 10 young (10240K), 2 survivors (2048K)
 Metaspace       used 99553K, capacity 101777K, committed 102016K, reserved 1138688K
  class space    used 12828K, capacity 13689K, committed 13696K, reserved 1048576K
}
Event: 27.717 GC heap after
{Heap after GC invocations=66 (full 0):
 garbage-first heap   total 414720K, used 179161K [0x0000000080000000, 0x0000000100000000)
  region size 1024K, 2 young (2048K), 2 survivors (2048K)
 Metaspace       used 99553K, capacity 101777K, committed 102016K, reserved 1138688K
  class space    used 12828K, capacity 13689K, committed 13696K, reserved 1048576K
}
Event: 28.104 GC heap before
{Heap before GC invocations=67 (full 0):
 garbage-first heap   total 414720K, used 242649K [0x0000000080000000, 0x0000000100000000)
  region size 1024K, 65 young (66560K), 2 survivors (2048K)
 Metaspace       used 99645K, capacity 101909K, committed 102016K, reserved 1138688K
  class space    used 12828K, capacity 13689K, committed 13696K, reserved 1048576K
}
Event: 28.165 GC heap after
{Heap after GC invocations=68 (full 0):
 garbage-first heap   total 414720K, used 210944K [0x0000000080000000, 0x0000000100000000)
  region size 1024K, 9 young (9216K), 9 survivors (9216K)
 Metaspace       used 99645K, capacity 101909K, committed 102016K, reserved 1138688K
  class space    used 12828K, capacity 13689K, committed 13696K, reserved 1048576K
}
Event: 28.530 GC heap before
{Heap before GC invocations=68 (full 0):
 garbage-first heap   total 414720K, used 268288K [0x0000000080000000, 0x0000000100000000)
  region size 1024K, 65 young (66560K), 9 survivors (9216K)
 Metaspace       used 99655K, capacity 101909K, committed 102016K, reserved 1138688K
  class space    used 12829K, capacity 13689K, committed 13696K, reserved 1048576K
}
Event: 28.572 GC heap after
{Heap after GC invocations=69 (full 0):
 garbage-first heap   total 414720K, used 239616K [0x0000000080000000, 0x0000000100000000)
  region size 1024K, 9 young (9216K), 9 survivors (9216K)
 Metaspace       used 99655K, capacity 101909K, committed 102016K, reserved 1138688K
  class space    used 12829K, capacity 13689K, committed 13696K, reserved 1048576K
}
Event: 29.263 GC heap before
{Heap before GC invocations=70 (full 0):
 garbage-first heap   total 414720K, used 289792K [0x0000000080000000, 0x0000000100000000)
  region size 1024K, 58 young (59392K), 9 survivors (9216K)
 Metaspace       used 101450K, capacity 103700K, committed 103808K, reserved 1138688K
  class space    used 13075K, capacity 13930K, committed 13952K, reserved 1048576K
}
Event: 29.303 GC heap after
{Heap after GC invocations=71 (full 0):
 garbage-first heap   total 414720K, used 253952K [0x0000000080000000, 0x0000000100000000)
  region size 1024K, 8 young (8192K), 8 survivors (8192K)
 Metaspace       used 101450K, capacity 103700K, committed 103808K, reserved 1138688K
  class space    used 13075K, capacity 13930K, committed 13952K, reserved 1048576K
}
Event: 29.685 GC heap before
{Heap before GC invocations=71 (full 0):
 garbage-first heap   total 414720K, used 303104K [0x0000000080000000, 0x0000000100000000)
  region size 1024K, 56 young (57344K), 8 survivors (8192K)
 Metaspace       used 102145K, capacity 104556K, committed 104832K, reserved 1140736K
  class space    used 13189K, capacity 14088K, committed 14208K, reserved 1048576K
}

