# JRE version: OpenJDK Runtime Environment (11.0.10) (build 11.0.10+0-b96-7249189)
# Java VM: OpenJDK 64-Bit Server VM (11.0.10+0-b96-7249189, mixed mode, tiered, compressed oops, g1 gc, windows-amd64)
Heap:
 garbage-first heap   total 967680K, used 324608K [0x0000000080000000, 0x0000000100000000)
  region size 1024K, 14 young (14336K), 14 survivors (14336K)
 Metaspace       used 152205K, capacity 156215K, committed 156544K, reserved 1185792K
  class space    used 18507K, capacity 19998K, committed 20096K, reserved 1048576K
GC Heap History (20 events):
Event: 1638.472 GC heap after
{Heap after GC invocations=140 (full 0):
 garbage-first heap   total 449536K, used 183033K [0x0000000080000000, 0x0000000100000000)
  region size 1024K, 10 young (10240K), 10 survivors (10240K)
 Metaspace       used 150017K, capacity 154060K, committed 154240K, reserved 1183744K
  class space    used 18321K, capacity 19780K, committed 19840K, reserved 1048576K
}
Event: 1638.770 GC heap before
{Heap before GC invocations=140 (full 0):
 garbage-first heap   total 449536K, used 378617K [0x0000000080000000, 0x0000000100000000)
  region size 1024K, 201 young (205824K), 10 survivors (10240K)
 Metaspace       used 150046K, capacity 154062K, committed 154240K, reserved 1183744K
  class space    used 18321K, capacity 19780K, committed 19840K, reserved 1048576K
}
Event: 1638.782 GC heap after
{Heap after GC invocations=141 (full 0):
 garbage-first heap   total 449536K, used 184488K [0x0000000080000000, 0x0000000100000000)
  region size 1024K, 11 young (11264K), 11 survivors (11264K)
 Metaspace       used 150046K, capacity 154062K, committed 154240K, reserved 1183744K
  class space    used 18321K, capacity 19780K, committed 19840K, reserved 1048576K
}
Event: 1639.176 GC heap before
{Heap before GC invocations=141 (full 0):
 garbage-first heap   total 449536K, used 387240K [0x0000000080000000, 0x0000000100000000)
  region size 1024K, 208 young (212992K), 11 survivors (11264K)
 Metaspace       used 150220K, capacity 154233K, committed 154496K, reserved 1183744K
  class space    used 18323K, capacity 19783K, committed 19840K, reserved 1048576K
}
Event: 1639.189 GC heap after
{Heap after GC invocations=142 (full 0):
 garbage-first heap   total 449536K, used 183551K [0x0000000080000000, 0x0000000100000000)
  region size 1024K, 10 young (10240K), 10 survivors (10240K)
 Metaspace       used 150220K, capacity 154233K, committed 154496K, reserved 1183744K
  class space    used 18323K, capacity 19783K, committed 19840K, reserved 1048576K
}
Event: 1639.496 GC heap before
{Heap before GC invocations=142 (full 0):
 garbage-first heap   total 449536K, used 388351K [0x0000000080000000, 0x0000000100000000)
  region size 1024K, 210 young (215040K), 10 survivors (10240K)
 Metaspace       used 150243K, capacity 154236K, committed 154496K, reserved 1183744K
  class space    used 18323K, capacity 19783K, committed 19840K, reserved 1048576K
}
Event: 1639.508 GC heap after
{Heap after GC invocations=143 (full 0):
 garbage-first heap   total 449536K, used 184532K [0x0000000080000000, 0x0000000100000000)
  region size 1024K, 11 young (11264K), 11 survivors (11264K)
 Metaspace       used 150243K, capacity 154236K, committed 154496K, reserved 1183744K
  class space    used 18323K, capacity 19783K, committed 19840K, reserved 1048576K
}
Event: 1639.790 GC heap before
{Heap before GC invocations=143 (full 0):
 garbage-first heap   total 449536K, used 389332K [0x0000000080000000, 0x0000000100000000)
  region size 1024K, 211 young (216064K), 11 survivors (11264K)
 Metaspace       used 150273K, capacity 154308K, committed 154496K, reserved 1183744K
  class space    used 18325K, capacity 19786K, committed 19840K, reserved 1048576K
}
Event: 1639.803 GC heap after
{Heap after GC invocations=144 (full 0):
 garbage-first heap   total 449536K, used 185135K [0x0000000080000000, 0x0000000100000000)
  region size 1024K, 12 young (12288K), 12 survivors (12288K)
 Metaspace       used 150273K, capacity 154308K, committed 154496K, reserved 1183744K
  class space    used 18325K, capacity 19786K, committed 19840K, reserved 1048576K
}
Event: 1640.270 GC heap before
{Heap before GC invocations=144 (full 0):
 garbage-first heap   total 449536K, used 391983K [0x0000000080000000, 0x0000000100000000)
  region size 1024K, 213 young (218112K), 12 survivors (12288K)
 Metaspace       used 150503K, capacity 154503K, committed 154752K, reserved 1183744K
  class space    used 18330K, capacity 19791K, committed 19840K, reserved 1048576K
}
Event: 1640.286 GC heap after
{Heap after GC invocations=145 (full 0):
 garbage-first heap   total 449536K, used 189374K [0x0000000080000000, 0x0000000100000000)
  region size 1024K, 14 young (14336K), 14 survivors (14336K)
 Metaspace       used 150503K, capacity 154503K, committed 154752K, reserved 1183744K
  class space    used 18330K, capacity 19791K, committed 19840K, reserved 1048576K
}
Event: 1640.667 GC heap before
{Heap before GC invocations=145 (full 0):
 garbage-first heap   total 449536K, used 389054K [0x0000000080000000, 0x0000000100000000)
  region size 1024K, 209 young (214016K), 14 survivors (14336K)
 Metaspace       used 150564K, capacity 154529K, committed 154752K, reserved 1183744K
  class space    used 18333K, capacity 19798K, committed 19840K, reserved 1048576K
}
Event: 1640.680 GC heap after
{Heap after GC invocations=146 (full 0):
 garbage-first heap   total 449536K, used 186174K [0x0000000080000000, 0x0000000100000000)
  region size 1024K, 13 young (13312K), 13 survivors (13312K)
 Metaspace       used 150564K, capacity 154529K, committed 154752K, reserved 1183744K
  class space    used 18333K, capacity 19798K, committed 19840K, reserved 1048576K
}
Event: 1641.746 GC heap before
{Heap before GC invocations=146 (full 0):
 garbage-first heap   total 449536K, used 378686K [0x0000000080000000, 0x0000000100000000)
  region size 1024K, 195 young (199680K), 13 survivors (13312K)
 Metaspace       used 150838K, capacity 154860K, committed 155008K, reserved 1183744K
  class space    used 18363K, capacity 19839K, committed 19840K, reserved 1048576K
}
Event: 1641.804 GC heap after
{Heap after GC invocations=147 (full 0):
 garbage-first heap   total 449536K, used 192591K [0x0000000080000000, 0x0000000100000000)
  region size 1024K, 11 young (11264K), 11 survivors (11264K)
 Metaspace       used 150838K, capacity 154860K, committed 155008K, reserved 1183744K
  class space    used 18363K, capacity 19839K, committed 19840K, reserved 1048576K
}
Event: 1643.298 GC heap before
{Heap before GC invocations=148 (full 0):
 garbage-first heap   total 449536K, used 427087K [0x0000000080000000, 0x0000000100000000)
  region size 1024K, 202 young (206848K), 11 survivors (11264K)
 Metaspace       used 151830K, capacity 155764K, committed 156160K, reserved 1185792K
  class space    used 18443K, capacity 19888K, committed 19968K, reserved 1048576K
}
Event: 1643.529 GC heap after
{Heap after GC invocations=149 (full 0):
 garbage-first heap   total 517120K, used 294145K [0x0000000080000000, 0x0000000100000000)
  region size 1024K, 26 young (26624K), 26 survivors (26624K)
 Metaspace       used 151830K, capacity 155764K, committed 156160K, reserved 1185792K
  class space    used 18443K, capacity 19888K, committed 19968K, reserved 1048576K
}
Event: 1643.565 GC heap before
{Heap before GC invocations=149 (full 0):
 garbage-first heap   total 517120K, used 295169K [0x0000000080000000, 0x0000000100000000)
  region size 1024K, 27 young (27648K), 26 survivors (26624K)
 Metaspace       used 151830K, capacity 155764K, committed 156160K, reserved 1185792K
  class space    used 18443K, capacity 19888K, committed 19968K, reserved 1048576K
}
Event: 1643.746 GC heap after
{Heap after GC invocations=150 (full 0):
 garbage-first heap   total 517120K, used 290304K [0x0000000080000000, 0x0000000100000000)
  region size 1024K, 2 young (2048K), 2 survivors (2048K)
 Metaspace       used 151830K, capacity 155764K, committed 156160K, reserved 1185792K
  class space    used 18443K, capacity 19888K, committed 19968K, reserved 1048576K
}
Event: 1644.773 GC heap before
{Heap before GC invocations=150 (full 0):
 garbage-first heap   total 517120K, used 402944K [0x0000000080000000, 0x0000000100000000)
  region size 1024K, 112 young (114688K), 2 survivors (2048K)
 Metaspace       used 152205K, capacity 156215K, committed 156544K, reserved 1185792K
  class space    used 18507K, capacity 19998K, committed 20096K, reserved 1048576K
}

