# JRE version: OpenJDK Runtime Environment (11.0.10) (build 11.0.10+0-b96-7249189)
# Java VM: OpenJDK 64-Bit Server VM (11.0.10+0-b96-7249189, mixed mode, tiered, compressed oops, g1 gc, windows-amd64)
Heap:
 garbage-first heap   total 346112K, used 179831K [0x0000000080000000, 0x0000000100000000)
  region size 1024K, 21 young (21504K), 12 survivors (12288K)
 Metaspace       used 182628K, capacity 188261K, committed 192384K, reserved 1216512K
  class space    used 21924K, capacity 23908K, committed 24960K, reserved 1048576K
GC Heap History (20 events):
Event: 6824.525 GC heap before
{Heap before GC invocations=481 (full 0):
 garbage-first heap   total 346112K, used 233809K [0x0000000080000000, 0x0000000100000000)
  region size 1024K, 59 young (60416K), 2 survivors (2048K)
 Metaspace       used 182260K, capacity 187908K, committed 192384K, reserved 1216512K
  class space    used 21914K, capacity 23901K, committed 24960K, reserved 1048576K
}
Event: 6824.584 GC heap after
{Heap after GC invocations=482 (full 0):
 garbage-first heap   total 346112K, used 182153K [0x0000000080000000, 0x0000000100000000)
  region size 1024K, 6 young (6144K), 6 survivors (6144K)
 Metaspace       used 182260K, capacity 187908K, committed 192384K, reserved 1216512K
  class space    used 21914K, capacity 23901K, committed 24960K, reserved 1048576K
}
Event: 6827.881 GC heap before
{Heap before GC invocations=483 (full 0):
 garbage-first heap   total 346112K, used 267145K [0x0000000080000000, 0x0000000100000000)
  region size 1024K, 76 young (77824K), 6 survivors (6144K)
 Metaspace       used 182283K, capacity 187974K, committed 192384K, reserved 1216512K
  class space    used 21914K, capacity 23901K, committed 24960K, reserved 1048576K
}
Event: 6827.916 GC heap after
{Heap after GC invocations=484 (full 0):
 garbage-first heap   total 346112K, used 175104K [0x0000000080000000, 0x0000000100000000)
  region size 1024K, 8 young (8192K), 8 survivors (8192K)
 Metaspace       used 182283K, capacity 187974K, committed 192384K, reserved 1216512K
  class space    used 21914K, capacity 23901K, committed 24960K, reserved 1048576K
}
Event: 6827.948 GC heap before
{Heap before GC invocations=484 (full 0):
 garbage-first heap   total 346112K, used 182272K [0x0000000080000000, 0x0000000100000000)
  region size 1024K, 16 young (16384K), 8 survivors (8192K)
 Metaspace       used 182283K, capacity 187974K, committed 192384K, reserved 1216512K
  class space    used 21914K, capacity 23901K, committed 24960K, reserved 1048576K
}
Event: 6828.008 GC heap after
{Heap after GC invocations=485 (full 0):
 garbage-first heap   total 346112K, used 155205K [0x0000000080000000, 0x0000000100000000)
  region size 1024K, 2 young (2048K), 2 survivors (2048K)
 Metaspace       used 182283K, capacity 187974K, committed 192384K, reserved 1216512K
  class space    used 21914K, capacity 23901K, committed 24960K, reserved 1048576K
}
Event: 6857.236 GC heap before
{Heap before GC invocations=485 (full 0):
 garbage-first heap   total 346112K, used 243269K [0x0000000080000000, 0x0000000100000000)
  region size 1024K, 89 young (91136K), 2 survivors (2048K)
 Metaspace       used 182306K, capacity 187978K, committed 192384K, reserved 1216512K
  class space    used 21917K, capacity 23902K, committed 24960K, reserved 1048576K
}
Event: 6857.653 GC heap after
{Heap after GC invocations=486 (full 0):
 garbage-first heap   total 346112K, used 160650K [0x0000000080000000, 0x0000000100000000)
  region size 1024K, 7 young (7168K), 7 survivors (7168K)
 Metaspace       used 182306K, capacity 187978K, committed 192384K, reserved 1216512K
  class space    used 21917K, capacity 23902K, committed 24960K, reserved 1048576K
}
Event: 6872.646 GC heap before
{Heap before GC invocations=487 (full 0):
 garbage-first heap   total 346112K, used 263050K [0x0000000080000000, 0x0000000100000000)
  region size 1024K, 101 young (103424K), 7 survivors (7168K)
 Metaspace       used 184442K, capacity 190185K, committed 192384K, reserved 1216512K
  class space    used 22031K, capacity 24039K, committed 24960K, reserved 1048576K
}
Event: 6872.695 GC heap after
{Heap after GC invocations=488 (full 0):
 garbage-first heap   total 346112K, used 161727K [0x0000000080000000, 0x0000000100000000)
  region size 1024K, 8 young (8192K), 8 survivors (8192K)
 Metaspace       used 184442K, capacity 190185K, committed 192384K, reserved 1216512K
  class space    used 22031K, capacity 24039K, committed 24960K, reserved 1048576K
}
Event: 6886.614 GC heap before
{Heap before GC invocations=488 (full 0):
 garbage-first heap   total 346112K, used 169919K [0x0000000080000000, 0x0000000100000000)
  region size 1024K, 16 young (16384K), 8 survivors (8192K)
 Metaspace       used 184452K, capacity 190185K, committed 192384K, reserved 1216512K
  class space    used 22031K, capacity 24039K, committed 24960K, reserved 1048576K
}
Event: 6886.812 GC heap after
{Heap after GC invocations=489 (full 0):
 garbage-first heap   total 346112K, used 154265K [0x0000000080000000, 0x0000000100000000)
  region size 1024K, 1 young (1024K), 1 survivors (1024K)
 Metaspace       used 184452K, capacity 190185K, committed 192384K, reserved 1216512K
  class space    used 22031K, capacity 24039K, committed 24960K, reserved 1048576K
}
Event: 6889.461 GC heap before
{Heap before GC invocations=489 (full 0):
 garbage-first heap   total 346112K, used 193177K [0x0000000080000000, 0x0000000100000000)
  region size 1024K, 40 young (40960K), 1 survivors (1024K)
 Metaspace       used 184502K, capacity 190187K, committed 192384K, reserved 1216512K
  class space    used 22031K, capacity 24039K, committed 24960K, reserved 1048576K
}
Event: 6889.531 GC heap after
{Heap after GC invocations=490 (full 0):
 garbage-first heap   total 346112K, used 154680K [0x0000000080000000, 0x0000000100000000)
  region size 1024K, 2 young (2048K), 2 survivors (2048K)
 Metaspace       used 184502K, capacity 190187K, committed 192384K, reserved 1216512K
  class space    used 22031K, capacity 24039K, committed 24960K, reserved 1048576K
}
Event: 6905.342 GC heap before
{Heap before GC invocations=491 (full 0):
 garbage-first heap   total 346112K, used 261176K [0x0000000080000000, 0x0000000100000000)
  region size 1024K, 103 young (105472K), 2 survivors (2048K)
 Metaspace       used 182622K, capacity 188260K, committed 192384K, reserved 1216512K
  class space    used 21923K, capacity 23908K, committed 24960K, reserved 1048576K
}
Event: 6905.353 GC heap after
{Heap after GC invocations=492 (full 0):
 garbage-first heap   total 346112K, used 162204K [0x0000000080000000, 0x0000000100000000)
  region size 1024K, 5 young (5120K), 5 survivors (5120K)
 Metaspace       used 182622K, capacity 188260K, committed 192384K, reserved 1216512K
  class space    used 21923K, capacity 23908K, committed 24960K, reserved 1048576K
}
Event: 6905.613 GC heap before
{Heap before GC invocations=492 (full 0):
 garbage-first heap   total 346112K, used 176540K [0x0000000080000000, 0x0000000100000000)
  region size 1024K, 16 young (16384K), 5 survivors (5120K)
 Metaspace       used 182622K, capacity 188260K, committed 192384K, reserved 1216512K
  class space    used 21923K, capacity 23908K, committed 24960K, reserved 1048576K
}
Event: 6905.645 GC heap after
{Heap after GC invocations=493 (full 0):
 garbage-first heap   total 346112K, used 159223K [0x0000000080000000, 0x0000000100000000)
  region size 1024K, 2 young (2048K), 2 survivors (2048K)
 Metaspace       used 182622K, capacity 188260K, committed 192384K, reserved 1216512K
  class space    used 21923K, capacity 23908K, committed 24960K, reserved 1048576K
}
Event: 6906.025 GC heap before
{Heap before GC invocations=493 (full 0):
 garbage-first heap   total 346112K, used 253431K [0x0000000080000000, 0x0000000100000000)
  region size 1024K, 95 young (97280K), 2 survivors (2048K)
 Metaspace       used 182627K, capacity 188261K, committed 192384K, reserved 1216512K
  class space    used 21924K, capacity 23908K, committed 24960K, reserved 1048576K
}
Event: 6906.051 GC heap after
{Heap after GC invocations=494 (full 0):
 garbage-first heap   total 346112K, used 169591K [0x0000000080000000, 0x0000000100000000)
  region size 1024K, 12 young (12288K), 12 survivors (12288K)
 Metaspace       used 182627K, capacity 188261K, committed 192384K, reserved 1216512K
  class space    used 21924K, capacity 23908K, committed 24960K, reserved 1048576K
}

